[('03', '10', '11', '14', '15', '19'), ('07', '10', '11', '14', '15', '19'), ('06', '07', '11', '14', '15', '19'), ('03', '06', '07', '10', '14', '19')]
[['03', '06', '07', '10', '11', '14'], ['03', '06', '07', '10', '14', '15'], ['03', '06', '07', '10', '14', '15'], ['03', '07', '10', '14', '15', '19']]
[('07', '10', '14', '19'), ('03', '06', '07', '14'), ('07', '11', '14', '15'), ('03', '07', '10', '11')]
[['06', '10', '14', '15'], ['03', '10', '14', '19'], ['03', '06', '10', '15'], ['03', '07', '10', '15']]
[('10', '15', '19'), ('06', '07', '10'), ('03', '06', '14'), ('11', '15', '19')]
[['07', '11', '14'], ['06', '07', '10'], ['03', '15', '19'], ['06', '14', '19']]
[('03', '06'), ('14', '19'), ('06', '11'), ('03', '14')]
[['06', '10'], ['07', '11'], ['06', '15'], ['14', '15']]
Loadind Dataset for gestures:  ['06', '10', '14', '15']
658 samples loaded
Scaling Dataset for gestures:  ['06', '10', '14', '15']
658 samples scaled
Cleaning Dataset for gestures:  ['06', '10', '14', '15']
499 samples cleaned
159 samples outliers
Time slicing Cleaned Dataset for gestures:  ['06', '10', '14', '15']
499 cleaned samples sliced
0 cleaned samples damaged
Time slicing Outliers Dataset for gestures:  ['06', '10', '14', '15']
159 outliers samples sliced
0 outliers samples damaged
Hyperparameter tunning started for Dataset for gestures:  ['06', '10', '14', '15']
Fitting 5 folds for each of 72 candidates, totalling 360 fits
