[('03', '06', '07', '10', '11', '19'), ('03', '06', '10', '14', '15', '19'), ('03', '07', '10', '11', '15', '19'), ('03', '07', '10', '11', '14', '15')]
[['03', '06', '07', '10', '11', '14'], ['03', '06', '07', '10', '14', '15'], ['03', '06', '07', '10', '14', '15'], ['03', '07', '10', '14', '15', '19']]
[('03', '07', '10', '15'), ('07', '14', '15', '19'), ('07', '11', '14', '19'), ('06', '07', '10', '19')]
[['06', '10', '14', '15'], ['03', '10', '14', '19'], ['03', '06', '10', '15'], ['03', '07', '10', '15']]
[('03', '07', '15'), ('03', '07', '14'), ('07', '11', '15'), ('06', '07', '15')]
[['07', '11', '14'], ['06', '07', '10'], ['03', '15', '19'], ['06', '14', '19']]
[('07', '14'), ('07', '10'), ('06', '10'), ('14', '19')]
[['06', '10'], ['07', '11'], ['06', '15'], ['14', '15']]
Loadind Dataset for gestures:  ['07', '11', '14']
491 samples loaded
Scaling Dataset for gestures:  ['07', '11', '14']
491 samples scaled
Cleaning Dataset for gestures:  ['07', '11', '14']
376 samples cleaned
115 samples outliers
Time slicing Cleaned Dataset for gestures:  ['07', '11', '14']
375 cleaned samples sliced
1 cleaned samples damaged
Time slicing Outliers Dataset for gestures:  ['07', '11', '14']
115 outliers samples sliced
0 outliers samples damaged
Hyperparameter tunning started for Dataset for gestures:  ['07', '11', '14']
Fitting 5 folds for each of 72 candidates, totalling 360 fits
