[('03', '06', '07', '10', '11', '19'), ('03', '07', '11', '14', '15', '19'), ('03', '06', '07', '10', '14', '19'), ('06', '07', '10', '11', '14', '15')]
[['03', '06', '07', '10', '11', '14'], ['03', '06', '07', '10', '14', '15'], ['03', '06', '07', '10', '14', '15'], ['03', '07', '10', '14', '15', '19']]
[('06', '07', '11', '14'), ('06', '07', '15', '19'), ('03', '06', '11', '14'), ('07', '11', '15', '19')]
[['06', '10', '14', '15'], ['03', '10', '14', '19'], ['03', '06', '10', '15'], ['03', '07', '10', '15']]
[('07', '10', '15'), ('03', '06', '14'), ('06', '07', '11'), ('03', '06', '11')]
[['07', '11', '14'], ['06', '07', '10'], ['03', '15', '19'], ['06', '14', '19']]
[('07', '19'), ('07', '19'), ('03', '14'), ('07', '15')]
[['06', '10'], ['07', '11'], ['06', '15'], ['14', '15']]
Loadind Dataset for gestures:  ['01', '02', '04', '05', '08', '09', '12', '13', '16', '17', '18', '20']
1942 samples loaded
Scaling Dataset for gestures:  ['01', '02', '04', '05', '08', '09', '12', '13', '16', '17', '18', '20']
1942 samples scaled
Cleaning Dataset for gestures:  ['01', '02', '04', '05', '08', '09', '12', '13', '16', '17', '18', '20']
1493 samples cleaned
449 samples outliers
Time slicing Cleaned Dataset for gestures:  ['01', '02', '04', '05', '08', '09', '12', '13', '16', '17', '18', '20']
1493 cleaned samples sliced
0 cleaned samples damaged
Time slicing Outliers Dataset for gestures:  ['01', '02', '04', '05', '08', '09', '12', '13', '16', '17', '18', '20']
446 outliers samples sliced
3 outliers samples damaged
Hyperparameter tunning started for Dataset for gestures:  ['01', '02', '04', '05', '08', '09', '12', '13', '16', '17', '18', '20']
Fitting 5 folds for each of 72 candidates, totalling 360 fits
