   sample.timestamp         X         Y          Z subject gesture sample
0               0.0  1.532289 -0.919373  10.113108     U01      01     01
1              11.0  0.919373 -0.919373   9.959879     U01      01     01
2              22.0  1.838747 -0.153229  10.726024     U01      01     01
3              33.0  5.822699  3.371036  10.879252     U01      01     01
4              44.0  6.435614  1.532289   9.193734     U01      01     01
5              55.0  2.758120 -7.967903   9.193734     U01      01     01
6              66.0  0.612916 -6.588843   8.887277     U01      01     01
7              77.0  0.000000 -2.145205   9.653421     U01      01     01
8              88.0 -0.153229 -1.685518   9.653421     U01      01     01
9              99.0  0.306458 -0.306458   9.959879     U01      01     01
    sample.timestamp         X         Y         Z subject gesture sample
10             110.0 -1.991976 -8.887277  7.201759     U08      20     20
11             121.0 -0.459687 -2.911349  9.500193     U08      20     20
12             132.0  0.459687  4.137181  9.346964     U08      20     20
13             143.0 -1.991976  4.750096  7.508216     U08      20     20
14             154.0 -5.056554  3.371036  8.274362     U08      20     20
15             165.0 -4.443638  1.991976  9.040505     U08      20     20
16             176.0 -4.137181  2.145205  8.887277     U08      20     20
17             187.0 -5.056554  1.838747  7.508216     U08      20     20
18             198.0 -4.290410  1.225831  9.346964     U08      20     20
19             209.0 -4.903325  2.451663  8.887277     U08      20     20
   sample.timestamp         X         Y         Z subject gesture sample
0               0.0  0.046662  0.178172  0.383203     U01      01     01
1              11.0 -0.243681  0.178172  0.139347     U01      01     01
2              22.0  0.191834  0.455329  1.358630     U01      01     01
3              33.0  2.079060  1.730249  1.602485     U01      01     01
4              44.0  2.369403  1.065073 -1.079937     U01      01     01
5              55.0  0.627347 -2.371668 -1.079937     U01      01     01
6              66.0 -0.388851 -1.872786 -1.567648     U01      01     01
7              77.0 -0.679194 -0.265279 -0.348367     U01      01     01
8              88.0 -0.751780 -0.098985 -0.348367     U01      01     01
9              99.0 -0.534023  0.399897  0.139347     U01      01     01
    sample.timestamp         X         Y         Z subject gesture sample
10             110.0 -0.487195 -1.474219 -1.639716     U08      20     20
11             121.0 -0.109525 -0.296052  0.435874     U08      20     20
12             132.0  0.117078  1.093581  0.297502     U08      20     20
13             143.0 -0.487195  1.214418 -1.362972     U08      20     20
14             154.0 -1.242536  0.942534 -0.671107     U08      20     20
15             165.0 -1.091468  0.670649  0.020755     U08      20     20
16             176.0 -1.015934  0.700858 -0.117617     U08      20     20
17             187.0 -1.242536  0.640440 -1.362972     U08      20     20
18             198.0 -1.053701  0.519602  0.297502     U08      20     20
19             209.0 -1.204769  0.761277 -0.117617     U08      20     20
   sample.timestamp         X         Y         Z subject gesture sample
0               0.0  0.046662  0.178172  0.383203     U01      01     01
1              11.0 -0.243681  0.178172  0.139347     U01      01     01
2              22.0  0.191834  0.455329  1.358630     U01      01     01
3              33.0  2.079060  1.730249  1.602485     U01      01     01
4              44.0  2.369403  1.065073 -1.079937     U01      01     01
5              55.0  0.627347 -2.371668 -1.079937     U01      01     01
6              66.0 -0.388851 -1.872786 -1.567648     U01      01     01
7              77.0 -0.679194 -0.265279 -0.348367     U01      01     01
8              88.0 -0.751780 -0.098985 -0.348367     U01      01     01
9              99.0 -0.534023  0.399897  0.139347     U01      01     01
    sample.timestamp         X         Y         Z subject gesture sample
10             110.0 -0.487195 -1.474219 -1.639716     U08      20     20
11             121.0 -0.109525 -0.296052  0.435874     U08      20     20
12             132.0  0.117078  1.093581  0.297502     U08      20     20
13             143.0 -0.487195  1.214418 -1.362972     U08      20     20
14             154.0 -1.242536  0.942534 -0.671107     U08      20     20
15             165.0 -1.091468  0.670649  0.020755     U08      20     20
16             176.0 -1.015934  0.700858 -0.117617     U08      20     20
17             187.0 -1.242536  0.640440 -1.362972     U08      20     20
18             198.0 -1.053701  0.519602  0.297502     U08      20     20
19             209.0 -1.204769  0.761277 -0.117617     U08      20     20
   sample.timestamp         X         Y         Z subject gesture sample
0               0.0  0.046662  0.178172  0.383203     U01      01     01
1              11.0 -0.243681  0.178172  0.139347     U01      01     01
2              22.0  0.191834  0.455329  1.358630     U01      01     01
3              33.0  2.079060  1.730249  1.602485     U01      01     01
4              44.0  2.369403  1.065073 -1.079937     U01      01     01
5              55.0  0.627347 -2.371668 -1.079937     U01      01     01
6              66.0 -0.388851 -1.872786 -1.567648     U01      01     01
7              77.0 -0.679194 -0.265279 -0.348367     U01      01     01
8              88.0 -0.751780 -0.098985 -0.348367     U01      01     01
9              99.0 -0.534023  0.399897  0.139347     U01      01     01
    sample.timestamp         X         Y         Z subject gesture sample
9               99.0 -0.487195 -1.927360  0.435874     U08      20     20
10             110.0 -0.487195 -1.474219 -1.639716     U08      20     20
11             121.0 -0.109525 -0.296052  0.435874     U08      20     20
12             132.0  0.117078  1.093581  0.297502     U08      20     20
13             143.0 -0.487195  1.214418 -1.362972     U08      20     20
14             154.0 -1.242536  0.942534 -0.671107     U08      20     20
15             165.0 -1.091468  0.670649  0.020755     U08      20     20
16             176.0 -1.015934  0.700858 -0.117617     U08      20     20
17             187.0 -1.242536  0.640440 -1.362972     U08      20     20
18             198.0 -1.053701  0.519602  0.297502     U08      20     20
  gesture subject sample    corr2x    corr2y    corr2z    corr3x    corr3y  \
0      01     U01     01  0.160966 -0.324033  0.068059 -0.079454 -0.336317   
1      01     U01     02  0.315309 -0.084808 -0.112011  0.012690 -0.243878   
2      01     U01     03  0.218859 -0.010936 -0.162375 -0.130593 -0.403133   
3      01     U01     04  0.388717  0.028793 -0.457891  0.070343 -0.408313   
4      01     U01     05  0.394696  0.139838 -0.435884  0.135435 -0.225305   
5      01     U01     06  0.288933 -0.044989  0.152818 -0.111583 -0.363216   
6      01     U01     08  0.294426 -0.025232 -0.148856  0.037376 -0.333273   
7      01     U01     09  0.329980 -0.199393 -0.597271  0.010261 -0.453113   
8      01     U01     10  0.445986  0.143473 -0.135898  0.197228 -0.198249   
9      01     U01     11  0.287218 -0.283030 -0.095889 -0.083508 -0.301263   

     corr3z    corr6x  ...         meanz      semx      semy      semz  \
0 -0.212369 -0.480912  ...  1.402387e-16  0.202326  0.202326  0.202326   
1 -0.228896 -0.132506  ...  1.706237e-15  0.202326  0.202326  0.202326   
2  0.032862 -0.504833  ...  5.843279e-18  0.202326  0.202326  0.202326   
3 -0.279728 -0.527360  ...  4.674623e-17  0.202326  0.202326  0.202326   
4 -0.067009 -0.191448  ...  3.155371e-16  0.209427  0.209427  0.209427   
5 -0.082674 -0.543804  ...  2.524297e-15  0.209427  0.209427  0.209427   
6 -0.448750 -0.207872  ...  5.609548e-16  0.202326  0.202326  0.202326   
7 -0.057259 -0.577985  ... -1.104380e-15  0.209427  0.209427  0.209427   
8 -0.391858 -0.382248  ... -4.265594e-16  0.216295  0.216295  0.216295   
9 -0.167829 -0.701710  ...  2.162013e-16  0.202326  0.202326  0.202326   

      skewx     skewy     skewz      stdx      stdy      stdz  
0  1.797548 -1.201576  0.097405  0.881917  0.881917  0.881917  
1  0.475976 -1.842296 -1.078982  0.881917  0.881917  0.881917  
2  1.539699 -0.086359 -3.336628  0.881917  0.881917  0.881917  
3  1.321839 -1.012335 -2.152753  0.881917  0.881917  0.881917  
4  0.641473 -1.851737  0.340903  0.912871  0.912871  0.912871  
5  1.624259 -1.091703 -0.581836  0.912871  0.912871  0.912871  
6  0.493501 -0.690139 -0.889837  0.881917  0.881917  0.881917  
7  1.646606 -0.268503 -0.180286  0.912871  0.912871  0.912871  
8  1.340815 -1.091900 -1.234225  0.942809  0.942809  0.942809  
9  1.577490 -0.269073  2.975149  0.881917  0.881917  0.881917  

[10 rows x 33 columns]
     gesture subject sample    corr2x    corr2y    corr2z    corr3x    corr3y  \
2390      20     U08     09  0.728837 -0.044466 -0.291806  0.559221 -0.435699   
2391      20     U08     10  0.657010  0.064003 -0.330794  0.479284 -0.340187   
2392      20     U08     11  0.609245 -0.027694 -0.179259  0.402014 -0.386107   
2393      20     U08     13  0.655781 -0.107107 -0.283313  0.426714 -0.440932   
2394      20     U08     14  0.677615 -0.149313 -0.111354  0.582012 -0.534005   
2395      20     U08     15  0.711820 -0.110416 -0.340864  0.613256 -0.559143   
2396      20     U08     16  0.766507 -0.029838 -0.484431  0.616236 -0.400846   
2397      20     U08     17  0.711166 -0.031515 -0.336204  0.620770 -0.406167   
2398      20     U08     19  0.737731  0.000933 -0.379593  0.629664 -0.407223   
2399      20     U08     20  0.674799  0.030298 -0.431916  0.547913 -0.356089   

        corr3z    corr6x  ...         meanz      semx      semy      semz  \
2390 -0.389438  0.615281  ... -2.858538e-03  0.233928  0.238374  0.241807   
2391 -0.418331  0.734121  ...  8.777238e-04  0.231087  0.244538  0.252937   
2392 -0.364157  0.692090  ... -2.147405e-15  0.235702  0.235702  0.235702   
2393 -0.242111  0.633497  ...  2.874982e-02  0.236029  0.243421  0.246777   
2394 -0.171059  0.847511  ...  3.232258e-02  0.232733  0.241804  0.246162   
2395 -0.146421  0.644028  ...  2.015931e-16  0.235702  0.235702  0.235702   
2396 -0.215888  0.785385  ...  5.618187e-03  0.236061  0.238593  0.241753   
2397 -0.340819  0.864653  ...  5.178606e-16  0.235702  0.235702  0.235702   
2398 -0.413141  0.824187  ...  2.793087e-15  0.235702  0.235702  0.235702   
2399  0.065473  0.620127  ...  6.190353e-03  0.232405  0.238109  0.241737   

         skewx     skewy     skewz      stdx      stdy      stdz  
2390  0.287667 -0.622453  1.218577  1.019670  1.039047  1.054011  
2391  0.338472 -0.615168  1.501796  1.007283  1.065915  1.102528  
2392  0.450877 -0.673312  0.297314  1.027402  1.027402  1.027402  
2393  0.437277 -0.595061  0.740255  1.028825  1.061047  1.075678  
2394  0.327724 -0.587711  0.822579  1.014462  1.054000  1.072994  
2395  0.525183 -0.965224  1.449286  1.027402  1.027402  1.027402  
2396  0.575408 -1.052502 -0.182446  1.028964  1.040003  1.053776  
2397  0.336541 -0.803721 -0.062822  1.027402  1.027402  1.027402  
2398  0.477147 -0.888748  0.211768  1.027402  1.027402  1.027402  
2399  0.414896 -0.513263  0.575051  1.013030  1.037892  1.053709  

[10 rows x 33 columns]
[ 0  0  0 ... 19 19 19]
(2400, 19, 3)
(2400,)
Fitting 5 folds for each of 13824 candidates, totalling 69120 fits
